[debug] [2025-04-25T13:02:28.533Z] ----------------------------------------------------------------------
[debug] [2025-04-25T13:02:28.536Z] Command:       /usr/local/bin/firebase /Users/jonathannieman/.cache/firebase/tools/lib/node_modules/firebase-tools/lib/bin/firebase deploy
[debug] [2025-04-25T13:02:28.536Z] CLI Version:   13.24.1
[debug] [2025-04-25T13:02:28.537Z] Platform:      darwin
[debug] [2025-04-25T13:02:28.537Z] Node Version:  v18.5.0
[debug] [2025-04-25T13:02:28.540Z] Time:          Fri Apr 25 2025 09:02:28 GMT-0400 (Eastern Daylight Time)
[debug] [2025-04-25T13:02:28.540Z] ----------------------------------------------------------------------
[debug] 
[debug] [2025-04-25T13:02:28.547Z] >>> [apiv2][query] GET https://firebase-public.firebaseio.com/cli.json [none]
[debug] [2025-04-25T13:02:28.719Z] > command requires scopes: ["email","openid","https://www.googleapis.com/auth/cloudplatformprojects.readonly","https://www.googleapis.com/auth/firebase","https://www.googleapis.com/auth/cloud-platform"]
[debug] [2025-04-25T13:02:28.721Z] > authorizing via signed-in user (nieman123@gmail.com)
[debug] [2025-04-25T13:02:28.721Z] [iam] checking project justniemanswebsite for permissions ["firebase.projects.get","firebasehosting.sites.update"]
[debug] [2025-04-25T13:02:28.723Z] Checked if tokens are valid: false, expires at: 1741909168439
[debug] [2025-04-25T13:02:28.723Z] Checked if tokens are valid: false, expires at: 1741909168439
[debug] [2025-04-25T13:02:28.724Z] > refreshing access token with scopes: []
[debug] [2025-04-25T13:02:28.725Z] >>> [apiv2][query] POST https://www.googleapis.com/oauth2/v3/token [none]
[debug] [2025-04-25T13:02:28.727Z] >>> [apiv2][body] POST https://www.googleapis.com/oauth2/v3/token [omitted]
[debug] [2025-04-25T13:02:28.928Z] <<< [apiv2][status] GET https://firebase-public.firebaseio.com/cli.json 200
[debug] [2025-04-25T13:02:28.931Z] <<< [apiv2][body] GET https://firebase-public.firebaseio.com/cli.json {"cloudBuildErrorAfter":1594252800000,"cloudBuildWarnAfter":1590019200000,"defaultNode10After":1594252800000,"minVersion":"3.0.5","node8DeploysDisabledAfter":1613390400000,"node8RuntimeDisabledAfter":1615809600000,"node8WarnAfter":1600128000000}
[debug] [2025-04-25T13:02:29.123Z] <<< [apiv2][status] POST https://www.googleapis.com/oauth2/v3/token 200
[debug] [2025-04-25T13:02:29.127Z] <<< [apiv2][body] POST https://www.googleapis.com/oauth2/v3/token [omitted]
[debug] [2025-04-25T13:02:29.150Z] >>> [apiv2][query] POST https://cloudresourcemanager.googleapis.com/v1/projects/justniemanswebsite:testIamPermissions [none]
[debug] [2025-04-25T13:02:29.150Z] >>> [apiv2][(partial)header] POST https://cloudresourcemanager.googleapis.com/v1/projects/justniemanswebsite:testIamPermissions x-goog-quota-user=projects/justniemanswebsite
[debug] [2025-04-25T13:02:29.150Z] >>> [apiv2][body] POST https://cloudresourcemanager.googleapis.com/v1/projects/justniemanswebsite:testIamPermissions {"permissions":["firebase.projects.get","firebasehosting.sites.update"]}
[debug] [2025-04-25T13:02:29.666Z] <<< [apiv2][status] POST https://cloudresourcemanager.googleapis.com/v1/projects/justniemanswebsite:testIamPermissions 200
[debug] [2025-04-25T13:02:29.666Z] <<< [apiv2][body] POST https://cloudresourcemanager.googleapis.com/v1/projects/justniemanswebsite:testIamPermissions {"permissions":["firebase.projects.get","firebasehosting.sites.update"]}
[debug] [2025-04-25T13:02:29.667Z] Checked if tokens are valid: true, expires at: 1745589748127
[debug] [2025-04-25T13:02:29.667Z] Checked if tokens are valid: true, expires at: 1745589748127
[debug] [2025-04-25T13:02:29.668Z] >>> [apiv2][query] GET https://firebase.googleapis.com/v1beta1/projects/justniemanswebsite [none]
[debug] [2025-04-25T13:02:30.417Z] <<< [apiv2][status] GET https://firebase.googleapis.com/v1beta1/projects/justniemanswebsite 200
[debug] [2025-04-25T13:02:30.417Z] <<< [apiv2][body] GET https://firebase.googleapis.com/v1beta1/projects/justniemanswebsite {"projectId":"justniemanswebsite","projectNumber":"919850949054","displayName":"justniemanswebsite","name":"projects/justniemanswebsite","resources":{"hostingSite":"justniemanswebsite"},"state":"ACTIVE","etag":"1_f91731f5-798f-4dec-84ae-895ad9d1447e"}
[info] 
[info] === Deploying to 'justniemanswebsite'...
[info] 
[info] i  deploying hosting 
[debug] [2025-04-25T13:02:30.426Z] Checked if tokens are valid: true, expires at: 1745589748127
[debug] [2025-04-25T13:02:30.427Z] Checked if tokens are valid: true, expires at: 1745589748127
[debug] [2025-04-25T13:02:30.427Z] >>> [apiv2][query] POST https://firebasehosting.googleapis.com/v1beta1/projects/-/sites/justniemanswebsite/versions [none]
[debug] [2025-04-25T13:02:30.427Z] >>> [apiv2][body] POST https://firebasehosting.googleapis.com/v1beta1/projects/-/sites/justniemanswebsite/versions {"status":"CREATED","labels":{"deployment-tool":"cli-firebase"}}
[debug] [2025-04-25T13:02:32.051Z] <<< [apiv2][status] POST https://firebasehosting.googleapis.com/v1beta1/projects/-/sites/justniemanswebsite/versions 200
[debug] [2025-04-25T13:02:32.052Z] <<< [apiv2][body] POST https://firebasehosting.googleapis.com/v1beta1/projects/-/sites/justniemanswebsite/versions {"name":"projects/919850949054/sites/justniemanswebsite/versions/ed12a17bb4294de7","status":"CREATED","config":{},"labels":{"deployment-tool":"cli-firebase"}}
[info] i  hosting[justniemanswebsite]: beginning deploy... 
[info] i  hosting[justniemanswebsite]: found 67 files in build/web 
[debug] [2025-04-25T13:02:32.106Z] [hosting] uploading with 200 concurrency
[debug] [2025-04-25T13:02:32.640Z] Checked if tokens are valid: true, expires at: 1745589748127
[debug] [2025-04-25T13:02:32.641Z] Checked if tokens are valid: true, expires at: 1745589748127
[debug] [2025-04-25T13:02:32.644Z] [hosting] hash cache [YnVpbGQvd2Vi] stored for 67 files
[debug] [2025-04-25T13:02:32.644Z] [hosting][hash queue][FINAL] {"max":525,"min":0,"avg":34.08980362421173,"active":0,"complete":67,"success":67,"errored":0,"retried":0,"total":67,"elapsed":535}
[debug] [2025-04-25T13:02:32.645Z] >>> [apiv2][query] POST https://firebasehosting.googleapis.com/v1beta1/projects/919850949054/sites/justniemanswebsite/versions/ed12a17bb4294de7:populateFiles [none]
[debug] [2025-04-25T13:02:32.645Z] >>> [apiv2][body] POST https://firebasehosting.googleapis.com/v1beta1/projects/919850949054/sites/justniemanswebsite/versions/ed12a17bb4294de7:populateFiles {"files":{"/site.webmanifest":"438eab4e1bab8df855faa047301dcd8cce4c8a815a1527502b0efc2270ad77fd","/manifest.json":"eb0732b00cf6d1d30a954752048f5e6f05eb0fd281cb8c7c85ae5d8fbee492c4","/favicon.png":"fcc7c4545d5b62ad01682589e6fdc7ea03d0a3b42069963c815c344b632eb5cf","/favicon.ico":"46f339339f7077a1a4e89f78d0fbb1ae15a4766a220e6912685adae2c30c309c","/icons/favicon-32x32.png":"a37b0c737975923ea2eba6ebfffe594e5eb7b537f1677ade185e911cec9e64e9","/icons/favicon-16x16.png":"27a06e0990714f9a34bd1ec6e1a45812a8bcb2f911d95eb453a46e8d175bfe43","/icons/apple-touch-icon.png":"e491b8f0e8c0135dd38d9cb7a2e6396087513d96f7eb2e263ea397da3a332abe","/icons/android-chrome-512x512.png":"a93996048d1b5b336577fd60610ac27816e04a78ce38cec43c87f9636074c0f6","/icons/android-chrome-192x192.png":"1a141fcbe89fa3473312d65e7240cc5ca54df253b64bc398eaff55f26e3bfe10","/icons/Icon-maskable-512.png":"a93996048d1b5b336577fd60610ac27816e04a78ce38cec43c87f9636074c0f6","/icons/Icon-maskable-192.png":"1a141fcbe89fa3473312d65e7240cc5ca54df253b64bc398eaff55f26e3bfe10","/icons/Icon-512.png":"a93996048d1b5b336577fd60610ac27816e04a78ce38cec43c87f9636074c0f6","/icons/Icon-192.png":"1a141fcbe89fa3473312d65e7240cc5ca54df253b64bc398eaff55f26e3bfe10","/assets/packages/font_awesome_flutter/lib/fonts/fa-solid-900.ttf":"7416b96a38703ca61623cebbd5401e6d9d1e3c6bec707bb11d3899d06c60f8cf","/assets/packages/font_awesome_flutter/lib/fonts/fa-regular-400.ttf":"4da5c5e94de6f1dd3a30f2cd3a9789de2e51eceeab198d994522b933ad1d0a48","/assets/packages/font_awesome_flutter/lib/fonts/fa-brands-400.ttf":"5177cd5fa587888e41cdcac2c938078b5617ab61c375d8c9e9a8fa7dfdaf387a","/assets/assets/youtube-icon.webp":"efb7c550312ca3f13b301189c42bd6cd934fdb312fa352835b952fd2f3c84c48","/assets/assets/soundcloud-logo.png":"2aef108713f8cd24dfb86914db9936785ae871a96070bccc6891bc995f368e71","/assets/assets/personal.webp":"de9e6ca4d89141bca5ae8c66ceb77282b91f89b39808ee38f73c7f157b13b18e","/assets/assets/my-music.webp":"c3a5c924eeeb77b4761dafb173e639407866a20393d87844b6fee750a1ebc4bd","/assets/assets/moby-d.png":"37990723404179b960cadc60f70aa2c383a11f946804c68b89ffb1d2519e3ab6","/assets/assets/lives.webp":"2023ba3be736220137dd1345015c815c11442a10a44cb29dd3d056f11107ffbd","/assets/assets/its-not-that-deep.png":"ba8ef846f96dae64ad41257b43930e7973f238e8efc26a956c7db504b54c65f2","/assets/assets/instagram.webp":"ccd1e496676ae7fc485b3b653aaffa7eb2241e7608c90f5e7d3c182d0380a912","/assets/assets/getaway-may-18th_half-min.png":"c71072e14bc241c519c2102691175e46362cfd3ec37ccf8ffd4eb1dca25cb90a","/assets/assets/bens.jpg":"261d974236f170427743e80fca6ad228cd77106385104cdde9e893ceb4fbce5b","/assets/assets/home/constant/twitter.png":"3667780f06b091c365f4902302766bc9fa6f3ece1d70039e9902acb53dd6a7ff","/assets/assets/home/constant/stackoverflow.png":"76fac1452ac5465b0e0f10f515d567db48f8e9e8d24b123e82da72102d76cdc5","/assets/assets/home/constant/medium.png":"ba0585d86c3ee7e8b4b76ae1a8b0ab9ae9f65cab69e535146797974f6713a096","/assets/assets/home/constant/linkedin.png":"f924d49ce4c0b80074dbcd457569c4467b4b1199878e5181ac15af782b7fa524","/assets/assets/home/constant/link.png":"40dfd64b59b3453d28e0c333f5b76070d025ae436ce041198eefadaa29f066ec","/assets/assets/home/constant/leetcode.png":"84b0a4e541757cf5e4b1946f1b9ee3823aad9673d4e4cf30cea8cb74987bcce7","/assets/assets/home/constant/instagram.png":"cedd7c7c1bf9465cc56314fc168ac4fdb1a0ee4295cb08f3f2fff3f2f73f92a0","/assets/assets/home/constant/github.png":"5ed3c54cd6c394d56298137278f94886f64c1d25eec1f3842f27891c99639b4a","/assets/assets/home/constant/facebook.png":"1be71e26f1872cebe441485a22f6a4e9a24c12ca98c5d806f339b474d7b3d614","/assets/assets/home/constant/email.png":"c028723c38ad3eaf4e78cc8906015067f32b3ef6c1b72650722e249eb91f6614","/assets/assets/gallery/6.jpg":"353155d23b27432919349a99c4de8925d4d1831cd8d6dd09f0a7017d6362f5df","/assets/assets/gallery/5.jpg":"1f8cf13f5cab4a5deb999d4347b980a3ad2752ea9ebe5b48c99597fec866141d","/assets/assets/gallery/4.jpg":"6fa3f74386ec60094daaa2af095f9f41aae6cd1bba19a5ba34def9e8f04df898","/assets/assets/gallery/3.jpg":"9f93642f02238ecedb8d494396a631298f921f2bea56a25db0228c4fa3fae1c4","/assets/assets/gallery/2.webp":"7fa6262fcb554f02162a7155c46277703c784e7a4b0ed618b5fa0c1ccd57534b","/assets/assets/gallery/2.jpg":"477cb76b8befb98c4740790d85d67feeb09bd29e014516310e5790d7a5259c46","/assets/assets/gallery/1.jpg":"133a4c8ff0d4684d024dadb1938fd1a26c7c53c2680b5b27bb2d5eb04bef25b9","/version.json":"887e8a16dd192e138a28d95101ca7a6567dba188c70dd62b91794c552ad415a4","/index.html":"b1bd10ff9a711229ef3a98d85885c6461e7b7769a05cf867e0fb5ac00fb34b27","/flutter_bootstrap.js":"41c3c02f9eedb52dd35c2d9649733833f8675d6fa6efa1ca0fe03514afcfa0d4","/flutter.js":"91ccd8e21ec5a109b641a8680fb526a003d4a210e3d0ec0bef8e700a4339228f","/canvaskit/skwasm.worker.js":"ff1a6b2c254c1954106d62ce10432547fa6d6a7d99c0aaf9ea6144a23ef0c09b","/flutter_service_worker.js":"c1dcc7022a120ff17ff98662204868cd6720b34f87df2e02095cde430ac86fec","/assets/AssetManifest.bin.json":"a68c3592fc706e0967cb1d26e412785166a53f673f5475ccef5fff53e64859d4","/assets/FontManifest.json":"eb3687212f68965c4a2b4245e26ee46aa5c93ab7b1102c9eb753fc1cab438e6a","/assets/AssetManifest.bin":"19bd8a5ef0ee4b67b760e164027aed2b8d31d43edf3760a8fc6db4f4ae18ebd8","/assets/AssetManifest.json":"513d77e9a2c17623990cd164e2c3c6b4910fa82b88a4a68ce1b99e211efc595b","/assets/shaders/ink_sparkle.frag":"80c6e65c75f1de434b1b22dba61e96ad82dba0f2fc5e8b3b59c2def46d794354","/assets/packages/cupertino_icons/assets/CupertinoIcons.ttf":"a9dec9e47fcee105fc5f7ea79904e588215596ef681f1ba97034cd0829c0554b","/assets/fonts/MaterialIcons-Regular.otf":"ecad6c80564fe845633b5a207f608ede7ee0912e2407c50e6f89cd8e328bce36","/canvaskit/skwasm.js":"e51233f17bb2301ff7ed9f3376e26df78c77da0df5ce6a3e1c8d8798281d12af","/canvaskit/canvaskit.js":"65401c7b3750497a845e3982318e1079a2db80312d34f02d672f703e7841fadf","/canvaskit/chromium/canvaskit.js":"99a091711b1053fe88b1e05435e158c94d285c28a129e0f5b5d483c10dc829ef","/assets/NOTICES":"80efafbf16be099f961360c08b75d697fa92d00ef70e144b34999fb090f78d72","/canvaskit/chromium/canvaskit.js.symbols":"31bedaa264a5b271466f6c28f67eb6eb8eeec7c01ef17d87abdb83c707b6ee52","/canvaskit/canvaskit.js.symbols":"e6390f66286a2fddc021d5c31395a8b24510007c83dc4b9b7d64d4b2d09912c9","/canvaskit/skwasm.js.symbols":"55ce44d678de01fbeb870e95fbd8672b5bfbc33b520c3be3e0b03b9bb6940075","/main.dart.js":"ab58b2f14bcae71cd91406da1c6f4f438420a79125b28a2b5a705c91012427db","/canvaskit/skwasm.wasm":"38859f2d5aa82ac7adc84691c13eddb3464e31dd7199a99b4099816701ee8630","/canvaskit/chromium/canvaskit.wasm":"0e7a2f8e98ae5eaea67c8fc6863ff5f91aef4ddb46800b70fe4c0d83d7f93301","/canvaskit/canvaskit.wasm":"8e383f614d1795639242392e14a9cff433d4c33fda78a59952b09234f57aecb4"}}
[debug] [2025-04-25T13:02:33.592Z] <<< [apiv2][status] POST https://firebasehosting.googleapis.com/v1beta1/projects/919850949054/sites/justniemanswebsite/versions/ed12a17bb4294de7:populateFiles 200
[debug] [2025-04-25T13:02:33.592Z] <<< [apiv2][body] POST https://firebasehosting.googleapis.com/v1beta1/projects/919850949054/sites/justniemanswebsite/versions/ed12a17bb4294de7:populateFiles {"uploadRequiredHashes":["99a091711b1053fe88b1e05435e158c94d285c28a129e0f5b5d483c10dc829ef","38859f2d5aa82ac7adc84691c13eddb3464e31dd7199a99b4099816701ee8630","e51233f17bb2301ff7ed9f3376e26df78c77da0df5ce6a3e1c8d8798281d12af","ab58b2f14bcae71cd91406da1c6f4f438420a79125b28a2b5a705c91012427db","8e383f614d1795639242392e14a9cff433d4c33fda78a59952b09234f57aecb4","41c3c02f9eedb52dd35c2d9649733833f8675d6fa6efa1ca0fe03514afcfa0d4","55ce44d678de01fbeb870e95fbd8672b5bfbc33b520c3be3e0b03b9bb6940075","e6390f66286a2fddc021d5c31395a8b24510007c83dc4b9b7d64d4b2d09912c9","91ccd8e21ec5a109b641a8680fb526a003d4a210e3d0ec0bef8e700a4339228f","80efafbf16be099f961360c08b75d697fa92d00ef70e144b34999fb090f78d72","c1dcc7022a120ff17ff98662204868cd6720b34f87df2e02095cde430ac86fec","65401c7b3750497a845e3982318e1079a2db80312d34f02d672f703e7841fadf","0e7a2f8e98ae5eaea67c8fc6863ff5f91aef4ddb46800b70fe4c0d83d7f93301","b1bd10ff9a711229ef3a98d85885c6461e7b7769a05cf867e0fb5ac00fb34b27","31bedaa264a5b271466f6c28f67eb6eb8eeec7c01ef17d87abdb83c707b6ee52"],"uploadUrl":"https://upload-firebasehosting.googleapis.com/upload/sites/justniemanswebsite/versions/ed12a17bb4294de7/files"}
[debug] [2025-04-25T13:02:33.596Z] Checked if tokens are valid: true, expires at: 1745589748127
[debug] [2025-04-25T13:02:33.596Z] Checked if tokens are valid: true, expires at: 1745589748127
[debug] [2025-04-25T13:02:33.596Z] Checked if tokens are valid: true, expires at: 1745589748127
[debug] [2025-04-25T13:02:33.596Z] Checked if tokens are valid: true, expires at: 1745589748127
[debug] [2025-04-25T13:02:33.596Z] Checked if tokens are valid: true, expires at: 1745589748127
[debug] [2025-04-25T13:02:33.596Z] Checked if tokens are valid: true, expires at: 1745589748127
[debug] [2025-04-25T13:02:33.596Z] Checked if tokens are valid: true, expires at: 1745589748127
[debug] [2025-04-25T13:02:33.596Z] Checked if tokens are valid: true, expires at: 1745589748127
[debug] [2025-04-25T13:02:33.597Z] Checked if tokens are valid: true, expires at: 1745589748127
[debug] [2025-04-25T13:02:33.597Z] Checked if tokens are valid: true, expires at: 1745589748127
[debug] [2025-04-25T13:02:33.599Z] Checked if tokens are valid: true, expires at: 1745589748127
[debug] [2025-04-25T13:02:33.600Z] Checked if tokens are valid: true, expires at: 1745589748127
[debug] [2025-04-25T13:02:33.600Z] Checked if tokens are valid: true, expires at: 1745589748127
[debug] [2025-04-25T13:02:33.600Z] Checked if tokens are valid: true, expires at: 1745589748127
[debug] [2025-04-25T13:02:33.600Z] Checked if tokens are valid: true, expires at: 1745589748127
[debug] [2025-04-25T13:02:33.600Z] Checked if tokens are valid: true, expires at: 1745589748127
[debug] [2025-04-25T13:02:33.600Z] Checked if tokens are valid: true, expires at: 1745589748127
[debug] [2025-04-25T13:02:33.600Z] Checked if tokens are valid: true, expires at: 1745589748127
[debug] [2025-04-25T13:02:33.604Z] Checked if tokens are valid: true, expires at: 1745589748127
[debug] [2025-04-25T13:02:33.604Z] Checked if tokens are valid: true, expires at: 1745589748127
[debug] [2025-04-25T13:02:33.604Z] Checked if tokens are valid: true, expires at: 1745589748127
[debug] [2025-04-25T13:02:33.604Z] Checked if tokens are valid: true, expires at: 1745589748127
[debug] [2025-04-25T13:02:33.604Z] Checked if tokens are valid: true, expires at: 1745589748127
[debug] [2025-04-25T13:02:33.604Z] Checked if tokens are valid: true, expires at: 1745589748127
[debug] [2025-04-25T13:02:33.604Z] Checked if tokens are valid: true, expires at: 1745589748127
[debug] [2025-04-25T13:02:33.604Z] Checked if tokens are valid: true, expires at: 1745589748127
[debug] [2025-04-25T13:02:33.604Z] Checked if tokens are valid: true, expires at: 1745589748127
[debug] [2025-04-25T13:02:33.604Z] Checked if tokens are valid: true, expires at: 1745589748127
[debug] [2025-04-25T13:02:33.608Z] Checked if tokens are valid: true, expires at: 1745589748127
[debug] [2025-04-25T13:02:33.608Z] Checked if tokens are valid: true, expires at: 1745589748127
[debug] [2025-04-25T13:02:33.609Z] >>> [apiv2][query] POST https://upload-firebasehosting.googleapis.com/upload/sites/justniemanswebsite/versions/ed12a17bb4294de7/files/99a091711b1053fe88b1e05435e158c94d285c28a129e0f5b5d483c10dc829ef [none]
[debug] [2025-04-25T13:02:33.609Z] >>> [apiv2][body] POST https://upload-firebasehosting.googleapis.com/upload/sites/justniemanswebsite/versions/ed12a17bb4294de7/files/99a091711b1053fe88b1e05435e158c94d285c28a129e0f5b5d483c10dc829ef [stream]
[debug] [2025-04-25T13:02:33.610Z] >>> [apiv2][query] POST https://upload-firebasehosting.googleapis.com/upload/sites/justniemanswebsite/versions/ed12a17bb4294de7/files/38859f2d5aa82ac7adc84691c13eddb3464e31dd7199a99b4099816701ee8630 [none]
[debug] [2025-04-25T13:02:33.610Z] >>> [apiv2][body] POST https://upload-firebasehosting.googleapis.com/upload/sites/justniemanswebsite/versions/ed12a17bb4294de7/files/38859f2d5aa82ac7adc84691c13eddb3464e31dd7199a99b4099816701ee8630 [stream]
[debug] [2025-04-25T13:02:33.612Z] >>> [apiv2][query] POST https://upload-firebasehosting.googleapis.com/upload/sites/justniemanswebsite/versions/ed12a17bb4294de7/files/e51233f17bb2301ff7ed9f3376e26df78c77da0df5ce6a3e1c8d8798281d12af [none]
[debug] [2025-04-25T13:02:33.612Z] >>> [apiv2][body] POST https://upload-firebasehosting.googleapis.com/upload/sites/justniemanswebsite/versions/ed12a17bb4294de7/files/e51233f17bb2301ff7ed9f3376e26df78c77da0df5ce6a3e1c8d8798281d12af [stream]
[debug] [2025-04-25T13:02:33.615Z] >>> [apiv2][query] POST https://upload-firebasehosting.googleapis.com/upload/sites/justniemanswebsite/versions/ed12a17bb4294de7/files/ab58b2f14bcae71cd91406da1c6f4f438420a79125b28a2b5a705c91012427db [none]
[debug] [2025-04-25T13:02:33.615Z] >>> [apiv2][body] POST https://upload-firebasehosting.googleapis.com/upload/sites/justniemanswebsite/versions/ed12a17bb4294de7/files/ab58b2f14bcae71cd91406da1c6f4f438420a79125b28a2b5a705c91012427db [stream]
[debug] [2025-04-25T13:02:33.618Z] >>> [apiv2][query] POST https://upload-firebasehosting.googleapis.com/upload/sites/justniemanswebsite/versions/ed12a17bb4294de7/files/8e383f614d1795639242392e14a9cff433d4c33fda78a59952b09234f57aecb4 [none]
[debug] [2025-04-25T13:02:33.619Z] >>> [apiv2][body] POST https://upload-firebasehosting.googleapis.com/upload/sites/justniemanswebsite/versions/ed12a17bb4294de7/files/8e383f614d1795639242392e14a9cff433d4c33fda78a59952b09234f57aecb4 [stream]
[debug] [2025-04-25T13:02:33.622Z] >>> [apiv2][query] POST https://upload-firebasehosting.googleapis.com/upload/sites/justniemanswebsite/versions/ed12a17bb4294de7/files/41c3c02f9eedb52dd35c2d9649733833f8675d6fa6efa1ca0fe03514afcfa0d4 [none]
[debug] [2025-04-25T13:02:33.623Z] >>> [apiv2][body] POST https://upload-firebasehosting.googleapis.com/upload/sites/justniemanswebsite/versions/ed12a17bb4294de7/files/41c3c02f9eedb52dd35c2d9649733833f8675d6fa6efa1ca0fe03514afcfa0d4 [stream]
[debug] [2025-04-25T13:02:33.625Z] >>> [apiv2][query] POST https://upload-firebasehosting.googleapis.com/upload/sites/justniemanswebsite/versions/ed12a17bb4294de7/files/55ce44d678de01fbeb870e95fbd8672b5bfbc33b520c3be3e0b03b9bb6940075 [none]
[debug] [2025-04-25T13:02:33.625Z] >>> [apiv2][body] POST https://upload-firebasehosting.googleapis.com/upload/sites/justniemanswebsite/versions/ed12a17bb4294de7/files/55ce44d678de01fbeb870e95fbd8672b5bfbc33b520c3be3e0b03b9bb6940075 [stream]
[debug] [2025-04-25T13:02:33.627Z] >>> [apiv2][query] POST https://upload-firebasehosting.googleapis.com/upload/sites/justniemanswebsite/versions/ed12a17bb4294de7/files/e6390f66286a2fddc021d5c31395a8b24510007c83dc4b9b7d64d4b2d09912c9 [none]
[debug] [2025-04-25T13:02:33.627Z] >>> [apiv2][body] POST https://upload-firebasehosting.googleapis.com/upload/sites/justniemanswebsite/versions/ed12a17bb4294de7/files/e6390f66286a2fddc021d5c31395a8b24510007c83dc4b9b7d64d4b2d09912c9 [stream]
[debug] [2025-04-25T13:02:33.629Z] >>> [apiv2][query] POST https://upload-firebasehosting.googleapis.com/upload/sites/justniemanswebsite/versions/ed12a17bb4294de7/files/91ccd8e21ec5a109b641a8680fb526a003d4a210e3d0ec0bef8e700a4339228f [none]
[debug] [2025-04-25T13:02:33.629Z] >>> [apiv2][body] POST https://upload-firebasehosting.googleapis.com/upload/sites/justniemanswebsite/versions/ed12a17bb4294de7/files/91ccd8e21ec5a109b641a8680fb526a003d4a210e3d0ec0bef8e700a4339228f [stream]
[debug] [2025-04-25T13:02:33.631Z] >>> [apiv2][query] POST https://upload-firebasehosting.googleapis.com/upload/sites/justniemanswebsite/versions/ed12a17bb4294de7/files/80efafbf16be099f961360c08b75d697fa92d00ef70e144b34999fb090f78d72 [none]
[debug] [2025-04-25T13:02:33.631Z] >>> [apiv2][body] POST https://upload-firebasehosting.googleapis.com/upload/sites/justniemanswebsite/versions/ed12a17bb4294de7/files/80efafbf16be099f961360c08b75d697fa92d00ef70e144b34999fb090f78d72 [stream]
[debug] [2025-04-25T13:02:33.633Z] >>> [apiv2][query] POST https://upload-firebasehosting.googleapis.com/upload/sites/justniemanswebsite/versions/ed12a17bb4294de7/files/c1dcc7022a120ff17ff98662204868cd6720b34f87df2e02095cde430ac86fec [none]
[debug] [2025-04-25T13:02:33.633Z] >>> [apiv2][body] POST https://upload-firebasehosting.googleapis.com/upload/sites/justniemanswebsite/versions/ed12a17bb4294de7/files/c1dcc7022a120ff17ff98662204868cd6720b34f87df2e02095cde430ac86fec [stream]
[debug] [2025-04-25T13:02:33.635Z] >>> [apiv2][query] POST https://upload-firebasehosting.googleapis.com/upload/sites/justniemanswebsite/versions/ed12a17bb4294de7/files/65401c7b3750497a845e3982318e1079a2db80312d34f02d672f703e7841fadf [none]
[debug] [2025-04-25T13:02:33.635Z] >>> [apiv2][body] POST https://upload-firebasehosting.googleapis.com/upload/sites/justniemanswebsite/versions/ed12a17bb4294de7/files/65401c7b3750497a845e3982318e1079a2db80312d34f02d672f703e7841fadf [stream]
[debug] [2025-04-25T13:02:33.638Z] >>> [apiv2][query] POST https://upload-firebasehosting.googleapis.com/upload/sites/justniemanswebsite/versions/ed12a17bb4294de7/files/0e7a2f8e98ae5eaea67c8fc6863ff5f91aef4ddb46800b70fe4c0d83d7f93301 [none]
[debug] [2025-04-25T13:02:33.638Z] >>> [apiv2][body] POST https://upload-firebasehosting.googleapis.com/upload/sites/justniemanswebsite/versions/ed12a17bb4294de7/files/0e7a2f8e98ae5eaea67c8fc6863ff5f91aef4ddb46800b70fe4c0d83d7f93301 [stream]
[debug] [2025-04-25T13:02:33.641Z] >>> [apiv2][query] POST https://upload-firebasehosting.googleapis.com/upload/sites/justniemanswebsite/versions/ed12a17bb4294de7/files/b1bd10ff9a711229ef3a98d85885c6461e7b7769a05cf867e0fb5ac00fb34b27 [none]
[debug] [2025-04-25T13:02:33.641Z] >>> [apiv2][body] POST https://upload-firebasehosting.googleapis.com/upload/sites/justniemanswebsite/versions/ed12a17bb4294de7/files/b1bd10ff9a711229ef3a98d85885c6461e7b7769a05cf867e0fb5ac00fb34b27 [stream]
[debug] [2025-04-25T13:02:33.643Z] >>> [apiv2][query] POST https://upload-firebasehosting.googleapis.com/upload/sites/justniemanswebsite/versions/ed12a17bb4294de7/files/31bedaa264a5b271466f6c28f67eb6eb8eeec7c01ef17d87abdb83c707b6ee52 [none]
[debug] [2025-04-25T13:02:33.643Z] >>> [apiv2][body] POST https://upload-firebasehosting.googleapis.com/upload/sites/justniemanswebsite/versions/ed12a17bb4294de7/files/31bedaa264a5b271466f6c28f67eb6eb8eeec7c01ef17d87abdb83c707b6ee52 [stream]
[debug] [2025-04-25T13:02:33.647Z] [hosting][populate queue][FINAL] {"max":968,"min":968,"avg":968,"active":0,"complete":1,"success":1,"errored":0,"retried":0,"total":1,"elapsed":1007}
[debug] [2025-04-25T13:02:33.647Z] [hosting] uploads queued: 15
[debug] [2025-04-25T13:02:34.415Z] <<< [apiv2][status] POST https://upload-firebasehosting.googleapis.com/upload/sites/justniemanswebsite/versions/ed12a17bb4294de7/files/91ccd8e21ec5a109b641a8680fb526a003d4a210e3d0ec0bef8e700a4339228f 200
[debug] [2025-04-25T13:02:34.415Z] <<< [apiv2][body] POST https://upload-firebasehosting.googleapis.com/upload/sites/justniemanswebsite/versions/ed12a17bb4294de7/files/91ccd8e21ec5a109b641a8680fb526a003d4a210e3d0ec0bef8e700a4339228f [stream]
[debug] [2025-04-25T13:02:34.463Z] <<< [apiv2][status] POST https://upload-firebasehosting.googleapis.com/upload/sites/justniemanswebsite/versions/ed12a17bb4294de7/files/e51233f17bb2301ff7ed9f3376e26df78c77da0df5ce6a3e1c8d8798281d12af 200
[debug] [2025-04-25T13:02:34.463Z] <<< [apiv2][body] POST https://upload-firebasehosting.googleapis.com/upload/sites/justniemanswebsite/versions/ed12a17bb4294de7/files/e51233f17bb2301ff7ed9f3376e26df78c77da0df5ce6a3e1c8d8798281d12af [stream]
[debug] [2025-04-25T13:02:34.558Z] <<< [apiv2][status] POST https://upload-firebasehosting.googleapis.com/upload/sites/justniemanswebsite/versions/ed12a17bb4294de7/files/c1dcc7022a120ff17ff98662204868cd6720b34f87df2e02095cde430ac86fec 200
[debug] [2025-04-25T13:02:34.558Z] <<< [apiv2][body] POST https://upload-firebasehosting.googleapis.com/upload/sites/justniemanswebsite/versions/ed12a17bb4294de7/files/c1dcc7022a120ff17ff98662204868cd6720b34f87df2e02095cde430ac86fec [stream]
[debug] [2025-04-25T13:02:34.734Z] <<< [apiv2][status] POST https://upload-firebasehosting.googleapis.com/upload/sites/justniemanswebsite/versions/ed12a17bb4294de7/files/41c3c02f9eedb52dd35c2d9649733833f8675d6fa6efa1ca0fe03514afcfa0d4 200
[debug] [2025-04-25T13:02:34.734Z] <<< [apiv2][body] POST https://upload-firebasehosting.googleapis.com/upload/sites/justniemanswebsite/versions/ed12a17bb4294de7/files/41c3c02f9eedb52dd35c2d9649733833f8675d6fa6efa1ca0fe03514afcfa0d4 [stream]
[debug] [2025-04-25T13:02:34.988Z] <<< [apiv2][status] POST https://upload-firebasehosting.googleapis.com/upload/sites/justniemanswebsite/versions/ed12a17bb4294de7/files/65401c7b3750497a845e3982318e1079a2db80312d34f02d672f703e7841fadf 200
[debug] [2025-04-25T13:02:34.989Z] <<< [apiv2][body] POST https://upload-firebasehosting.googleapis.com/upload/sites/justniemanswebsite/versions/ed12a17bb4294de7/files/65401c7b3750497a845e3982318e1079a2db80312d34f02d672f703e7841fadf [stream]
[debug] [2025-04-25T13:02:35.033Z] <<< [apiv2][status] POST https://upload-firebasehosting.googleapis.com/upload/sites/justniemanswebsite/versions/ed12a17bb4294de7/files/99a091711b1053fe88b1e05435e158c94d285c28a129e0f5b5d483c10dc829ef 200
[debug] [2025-04-25T13:02:35.033Z] <<< [apiv2][body] POST https://upload-firebasehosting.googleapis.com/upload/sites/justniemanswebsite/versions/ed12a17bb4294de7/files/99a091711b1053fe88b1e05435e158c94d285c28a129e0f5b5d483c10dc829ef [stream]
[debug] [2025-04-25T13:02:35.119Z] <<< [apiv2][status] POST https://upload-firebasehosting.googleapis.com/upload/sites/justniemanswebsite/versions/ed12a17bb4294de7/files/b1bd10ff9a711229ef3a98d85885c6461e7b7769a05cf867e0fb5ac00fb34b27 200
[debug] [2025-04-25T13:02:35.119Z] <<< [apiv2][body] POST https://upload-firebasehosting.googleapis.com/upload/sites/justniemanswebsite/versions/ed12a17bb4294de7/files/b1bd10ff9a711229ef3a98d85885c6461e7b7769a05cf867e0fb5ac00fb34b27 [stream]
[debug] [2025-04-25T13:02:35.333Z] <<< [apiv2][status] POST https://upload-firebasehosting.googleapis.com/upload/sites/justniemanswebsite/versions/ed12a17bb4294de7/files/55ce44d678de01fbeb870e95fbd8672b5bfbc33b520c3be3e0b03b9bb6940075 200
[debug] [2025-04-25T13:02:35.333Z] <<< [apiv2][body] POST https://upload-firebasehosting.googleapis.com/upload/sites/justniemanswebsite/versions/ed12a17bb4294de7/files/55ce44d678de01fbeb870e95fbd8672b5bfbc33b520c3be3e0b03b9bb6940075 [stream]
[debug] [2025-04-25T13:02:35.340Z] <<< [apiv2][status] POST https://upload-firebasehosting.googleapis.com/upload/sites/justniemanswebsite/versions/ed12a17bb4294de7/files/e6390f66286a2fddc021d5c31395a8b24510007c83dc4b9b7d64d4b2d09912c9 200
[debug] [2025-04-25T13:02:35.340Z] <<< [apiv2][body] POST https://upload-firebasehosting.googleapis.com/upload/sites/justniemanswebsite/versions/ed12a17bb4294de7/files/e6390f66286a2fddc021d5c31395a8b24510007c83dc4b9b7d64d4b2d09912c9 [stream]
[debug] [2025-04-25T13:02:35.457Z] <<< [apiv2][status] POST https://upload-firebasehosting.googleapis.com/upload/sites/justniemanswebsite/versions/ed12a17bb4294de7/files/31bedaa264a5b271466f6c28f67eb6eb8eeec7c01ef17d87abdb83c707b6ee52 200
[debug] [2025-04-25T13:02:35.457Z] <<< [apiv2][body] POST https://upload-firebasehosting.googleapis.com/upload/sites/justniemanswebsite/versions/ed12a17bb4294de7/files/31bedaa264a5b271466f6c28f67eb6eb8eeec7c01ef17d87abdb83c707b6ee52 [stream]
[debug] [2025-04-25T13:02:35.545Z] <<< [apiv2][status] POST https://upload-firebasehosting.googleapis.com/upload/sites/justniemanswebsite/versions/ed12a17bb4294de7/files/80efafbf16be099f961360c08b75d697fa92d00ef70e144b34999fb090f78d72 200
[debug] [2025-04-25T13:02:35.546Z] <<< [apiv2][body] POST https://upload-firebasehosting.googleapis.com/upload/sites/justniemanswebsite/versions/ed12a17bb4294de7/files/80efafbf16be099f961360c08b75d697fa92d00ef70e144b34999fb090f78d72 [stream]
[debug] [2025-04-25T13:02:37.564Z] <<< [apiv2][status] POST https://upload-firebasehosting.googleapis.com/upload/sites/justniemanswebsite/versions/ed12a17bb4294de7/files/ab58b2f14bcae71cd91406da1c6f4f438420a79125b28a2b5a705c91012427db 200
[debug] [2025-04-25T13:02:37.568Z] <<< [apiv2][body] POST https://upload-firebasehosting.googleapis.com/upload/sites/justniemanswebsite/versions/ed12a17bb4294de7/files/ab58b2f14bcae71cd91406da1c6f4f438420a79125b28a2b5a705c91012427db [stream]
